<?xml version="1.0" encoding="UTF-8"?>
<testsuite name="PortfolioServiceTest" tests="4" failures="1" errors="0" skipped="1" time="0.487">
    <testcase name="testBuyStock" classname="PortfolioServiceTest" time="0.1"/>
    <testcase name="testSellStock" classname="PortfolioServiceTest" time="0.2">
        <failure message="Not enough stocks" type="java.lang.AssertionError"><![CDATA[java.lang.AssertionError: Not enough stocks
    at com.thiru.investment_tracker.service.PortfolioServiceTest.testSellStock(PortfolioServiceTest.java:45)
    at sun.reflect.NativeMethodAccessorImpl.invoke0(Native Method)
    at sun.reflect.NativeMethodAccessorImpl.invoke(NativeMethodAccessorImpl.java:62)
    at sun.reflect.DelegatingMethodAccessorImpl.invoke(DelegatingMethodAccessorImpl.java:43)
    at java.lang.reflect.Method.invoke(Method.java:498)
    at org.junit.platform.commons.util.ReflectionUtils.invokeMethod(ReflectionUtils.java:688)
    at org.junit.jupiter.engine.execution.JupiterTestExecutionContext.executeTestMethod(JupiterTestExecutionContext.java:141)
    at org.junit.jupiter.engine.execution.JupiterTestExecutionContext.runTestMethod(JupiterTestExecutionContext.java:112)
    at org.junit.jupiter.engine.execution.JupiterTestExecutionContext.executeTestMethod(JupiterTestExecutionContext.java:141)
    at org.junit.jupiter.engine.execution.JupiterTestExecutionContext.runTestMethod(JupiterTestExecutionContext.java:112)]]></failure>
    </testcase>
    <testcase name="testCancelledOrder" classname="PortfolioServiceTest" time="0.05">
        <skipped/>
    </testcase>
    <testcase name="testGetPortfolio" classname="PortfolioServiceTest" time="0.137"/>
</testsuite>